[Sun Jan 09 10:11:51.136857 2022] [ssl:warn] [pid 648:tid 696] AH01909: www.example.com:443:0 server certificate does NOT include an ID which matches the server name
[Sun Jan 09 10:11:51.209454 2022] [ssl:warn] [pid 648:tid 696] AH01909: www.example.com:443:0 server certificate does NOT include an ID which matches the server name
PHP Warning:  Module 'openssl' already loaded in Unknown on line 0
[Sun Jan 09 10:11:57.999557 2022] [mpm_winnt:notice] [pid 648:tid 696] AH00455: Apache/2.4.41 (Win64) OpenSSL/1.1.1c PHP/7.3.11 configured -- resuming normal operations
[Sun Jan 09 10:11:57.999557 2022] [mpm_winnt:notice] [pid 648:tid 696] AH00456: Apache Lounge VC15 Server built: Aug 11 2019 12:20:04
[Sun Jan 09 10:11:57.999557 2022] [core:notice] [pid 648:tid 696] AH00094: Command line: 'apache\\bin\\httpd.exe -d D:/MoodleWindowsInstaller-latest/server/apache -f conf\\httpd.conf'
[Sun Jan 09 10:11:58.008866 2022] [mpm_winnt:notice] [pid 648:tid 696] AH00418: Parent: Created child process 656
[Sun Jan 09 10:11:58.839955 2022] [ssl:warn] [pid 656:tid 648] AH01909: www.example.com:443:0 server certificate does NOT include an ID which matches the server name
[Sun Jan 09 10:11:58.896572 2022] [ssl:warn] [pid 656:tid 648] AH01909: www.example.com:443:0 server certificate does NOT include an ID which matches the server name
PHP Warning:  Module 'openssl' already loaded in Unknown on line 0
[Sun Jan 09 10:11:58.949702 2022] [mpm_winnt:notice] [pid 656:tid 648] AH00354: Child: Starting 150 worker threads.
[Sun Jan 09 10:14:48.819512 2022] [mpm_winnt:notice] [pid 648:tid 696] AH00422: Parent: Received shutdown signal -- Shutting down the server.
[Sun Jan 09 10:14:50.847275 2022] [mpm_winnt:notice] [pid 656:tid 648] AH00364: Child: All worker threads have exited.
[Sun Jan 09 10:14:50.904958 2022] [mpm_winnt:notice] [pid 648:tid 696] AH00430: Parent: Child process 656 exited successfully.
[Sun Jan 09 10:16:11.279722 2022] [ssl:warn] [pid 16152:tid 612] AH01909: www.example.com:443:0 server certificate does NOT include an ID which matches the server name
[Sun Jan 09 10:16:11.336888 2022] [ssl:warn] [pid 16152:tid 612] AH01909: www.example.com:443:0 server certificate does NOT include an ID which matches the server name
PHP Warning:  Module 'openssl' already loaded in Unknown on line 0
[Sun Jan 09 10:16:11.414729 2022] [mpm_winnt:notice] [pid 16152:tid 612] AH00455: Apache/2.4.41 (Win64) OpenSSL/1.1.1c PHP/7.3.11 configured -- resuming normal operations
[Sun Jan 09 10:16:11.414729 2022] [mpm_winnt:notice] [pid 16152:tid 612] AH00456: Apache Lounge VC15 Server built: Aug 11 2019 12:20:04
[Sun Jan 09 10:16:11.414729 2022] [core:notice] [pid 16152:tid 612] AH00094: Command line: 'apache\\bin\\httpd.exe -d D:/Moodle-Group10/server/apache -f conf\\httpd.conf'
[Sun Jan 09 10:16:11.419796 2022] [mpm_winnt:notice] [pid 16152:tid 612] AH00418: Parent: Created child process 12280
[Sun Jan 09 10:16:12.372866 2022] [ssl:warn] [pid 12280:tid 628] AH01909: www.example.com:443:0 server certificate does NOT include an ID which matches the server name
[Sun Jan 09 10:16:12.428603 2022] [ssl:warn] [pid 12280:tid 628] AH01909: www.example.com:443:0 server certificate does NOT include an ID which matches the server name
PHP Warning:  Module 'openssl' already loaded in Unknown on line 0
[Sun Jan 09 10:16:12.476640 2022] [mpm_winnt:notice] [pid 12280:tid 628] AH00354: Child: Starting 150 worker threads.
[Sun Jan 09 12:38:07.897292 2022] [ssl:warn] [pid 10428:tid 604] AH01909: www.example.com:443:0 server certificate does NOT include an ID which matches the server name
[Sun Jan 09 12:38:07.936291 2022] [core:warn] [pid 10428:tid 604] AH00098: pid file D:/Moodle-Group10/server/apache/logs/httpd.pid overwritten -- Unclean shutdown of previous Apache run?
[Sun Jan 09 12:38:07.938293 2022] [ssl:warn] [pid 10428:tid 604] AH01909: www.example.com:443:0 server certificate does NOT include an ID which matches the server name
PHP Warning:  Module 'openssl' already loaded in Unknown on line 0
[Sun Jan 09 12:38:08.305302 2022] [mpm_winnt:notice] [pid 10428:tid 604] AH00455: Apache/2.4.41 (Win64) OpenSSL/1.1.1c PHP/7.3.11 configured -- resuming normal operations
[Sun Jan 09 12:38:08.305302 2022] [mpm_winnt:notice] [pid 10428:tid 604] AH00456: Apache Lounge VC15 Server built: Aug 11 2019 12:20:04
[Sun Jan 09 12:38:08.305302 2022] [core:notice] [pid 10428:tid 604] AH00094: Command line: 'apache\\bin\\httpd.exe -d D:/Moodle-Group10/server/apache -f conf\\httpd.conf'
[Sun Jan 09 12:38:08.312292 2022] [mpm_winnt:notice] [pid 10428:tid 604] AH00418: Parent: Created child process 8940
[Sun Jan 09 12:38:08.852292 2022] [ssl:warn] [pid 8940:tid 568] AH01909: www.example.com:443:0 server certificate does NOT include an ID which matches the server name
[Sun Jan 09 12:38:08.892291 2022] [ssl:warn] [pid 8940:tid 568] AH01909: www.example.com:443:0 server certificate does NOT include an ID which matches the server name
PHP Warning:  Module 'openssl' already loaded in Unknown on line 0
[Sun Jan 09 12:38:08.929292 2022] [mpm_winnt:notice] [pid 8940:tid 568] AH00354: Child: Starting 150 worker threads.
[Mon Jan 10 11:02:50.355667 2022] [ssl:warn] [pid 9612:tid 560] AH01909: www.example.com:443:0 server certificate does NOT include an ID which matches the server name
[Mon Jan 10 11:02:50.425664 2022] [core:warn] [pid 9612:tid 560] AH00098: pid file D:/Moodle-Group10/server/apache/logs/httpd.pid overwritten -- Unclean shutdown of previous Apache run?
[Mon Jan 10 11:02:50.427664 2022] [ssl:warn] [pid 9612:tid 560] AH01909: www.example.com:443:0 server certificate does NOT include an ID which matches the server name
PHP Warning:  Module 'openssl' already loaded in Unknown on line 0
[Mon Jan 10 11:02:50.458667 2022] [mpm_winnt:notice] [pid 9612:tid 560] AH00455: Apache/2.4.41 (Win64) OpenSSL/1.1.1c PHP/7.3.11 configured -- resuming normal operations
[Mon Jan 10 11:02:50.459672 2022] [mpm_winnt:notice] [pid 9612:tid 560] AH00456: Apache Lounge VC15 Server built: Aug 11 2019 12:20:04
[Mon Jan 10 11:02:50.459672 2022] [core:notice] [pid 9612:tid 560] AH00094: Command line: 'apache\\bin\\httpd.exe -d D:/Moodle-Group10/server/apache -f conf\\httpd.conf'
[Mon Jan 10 11:02:50.461665 2022] [mpm_winnt:notice] [pid 9612:tid 560] AH00418: Parent: Created child process 7480
[Mon Jan 10 11:02:50.959926 2022] [ssl:warn] [pid 7480:tid 588] AH01909: www.example.com:443:0 server certificate does NOT include an ID which matches the server name
[Mon Jan 10 11:02:51.012926 2022] [ssl:warn] [pid 7480:tid 588] AH01909: www.example.com:443:0 server certificate does NOT include an ID which matches the server name
PHP Warning:  Module 'openssl' already loaded in Unknown on line 0
[Mon Jan 10 11:02:51.041926 2022] [mpm_winnt:notice] [pid 7480:tid 588] AH00354: Child: Starting 150 worker threads.
[Mon Jan 10 11:03:24.479239 2022] [mpm_winnt:notice] [pid 9612:tid 560] AH00422: Parent: Received shutdown signal -- Shutting down the server.
[Mon Jan 10 11:03:26.482740 2022] [mpm_winnt:notice] [pid 7480:tid 588] AH00364: Child: All worker threads have exited.
[Mon Jan 10 11:03:26.522882 2022] [mpm_winnt:notice] [pid 9612:tid 560] AH00430: Parent: Child process 7480 exited successfully.
[Mon Jan 10 11:03:32.477352 2022] [ssl:warn] [pid 13120:tid 608] AH01909: www.example.com:443:0 server certificate does NOT include an ID which matches the server name
[Mon Jan 10 11:03:32.543354 2022] [ssl:warn] [pid 13120:tid 608] AH01909: www.example.com:443:0 server certificate does NOT include an ID which matches the server name
PHP Warning:  Module 'openssl' already loaded in Unknown on line 0
[Mon Jan 10 11:03:32.575355 2022] [mpm_winnt:notice] [pid 13120:tid 608] AH00455: Apache/2.4.41 (Win64) OpenSSL/1.1.1c PHP/7.3.11 configured -- resuming normal operations
[Mon Jan 10 11:03:32.575355 2022] [mpm_winnt:notice] [pid 13120:tid 608] AH00456: Apache Lounge VC15 Server built: Aug 11 2019 12:20:04
[Mon Jan 10 11:03:32.575355 2022] [core:notice] [pid 13120:tid 608] AH00094: Command line: 'apache\\bin\\httpd.exe -d D:/Moodle-Group10/server/apache -f conf\\httpd.conf'
[Mon Jan 10 11:03:32.579353 2022] [mpm_winnt:notice] [pid 13120:tid 608] AH00418: Parent: Created child process 10772
[Mon Jan 10 11:03:33.129195 2022] [ssl:warn] [pid 10772:tid 560] AH01909: www.example.com:443:0 server certificate does NOT include an ID which matches the server name
[Mon Jan 10 11:03:33.187195 2022] [ssl:warn] [pid 10772:tid 560] AH01909: www.example.com:443:0 server certificate does NOT include an ID which matches the server name
PHP Warning:  Module 'openssl' already loaded in Unknown on line 0
[Mon Jan 10 11:03:33.218199 2022] [mpm_winnt:notice] [pid 10772:tid 560] AH00354: Child: Starting 150 worker threads.
[Mon Jan 10 11:16:32.711893 2022] [mpm_winnt:notice] [pid 13120:tid 608] AH00422: Parent: Received shutdown signal -- Shutting down the server.
[Mon Jan 10 11:16:35.162214 2022] [mpm_winnt:notice] [pid 10772:tid 560] AH00364: Child: All worker threads have exited.
[Mon Jan 10 11:16:35.209075 2022] [mpm_winnt:notice] [pid 13120:tid 608] AH00430: Parent: Child process 10772 exited successfully.
[Mon Jan 10 11:19:38.000271 2022] [ssl:warn] [pid 2880:tid 568] AH01909: www.example.com:443:0 server certificate does NOT include an ID which matches the server name
[Mon Jan 10 11:19:38.072511 2022] [ssl:warn] [pid 2880:tid 568] AH01909: www.example.com:443:0 server certificate does NOT include an ID which matches the server name
PHP Warning:  Module 'openssl' already loaded in Unknown on line 0
[Mon Jan 10 11:19:38.114399 2022] [mpm_winnt:notice] [pid 2880:tid 568] AH00455: Apache/2.4.41 (Win64) OpenSSL/1.1.1c PHP/7.3.11 configured -- resuming normal operations
[Mon Jan 10 11:19:38.114399 2022] [mpm_winnt:notice] [pid 2880:tid 568] AH00456: Apache Lounge VC15 Server built: Aug 11 2019 12:20:04
[Mon Jan 10 11:19:38.114399 2022] [core:notice] [pid 2880:tid 568] AH00094: Command line: 'apache\\bin\\httpd.exe -d D:/Moodle-Group10/server/apache -f conf\\httpd.conf'
[Mon Jan 10 11:19:38.118389 2022] [mpm_winnt:notice] [pid 2880:tid 568] AH00418: Parent: Created child process 3408
[Mon Jan 10 11:19:38.805580 2022] [ssl:warn] [pid 3408:tid 616] AH01909: www.example.com:443:0 server certificate does NOT include an ID which matches the server name
[Mon Jan 10 11:19:38.872371 2022] [ssl:warn] [pid 3408:tid 616] AH01909: www.example.com:443:0 server certificate does NOT include an ID which matches the server name
PHP Warning:  Module 'openssl' already loaded in Unknown on line 0
[Mon Jan 10 11:19:38.905285 2022] [mpm_winnt:notice] [pid 3408:tid 616] AH00354: Child: Starting 150 worker threads.
[Mon Jan 10 11:20:38.076592 2022] [mpm_winnt:notice] [pid 2880:tid 568] AH00422: Parent: Received shutdown signal -- Shutting down the server.
[Mon Jan 10 11:21:08.091786 2022] [mpm_winnt:notice] [pid 2880:tid 568] AH00431: Parent: Forcing termination of child process 3408
[Mon Jan 10 11:21:19.977038 2022] [ssl:warn] [pid 9036:tid 472] AH01909: www.example.com:443:0 server certificate does NOT include an ID which matches the server name
[Mon Jan 10 11:21:20.041383 2022] [ssl:warn] [pid 9036:tid 472] AH01909: www.example.com:443:0 server certificate does NOT include an ID which matches the server name
PHP Warning:  Module 'openssl' already loaded in Unknown on line 0
[Mon Jan 10 11:21:20.073182 2022] [mpm_winnt:notice] [pid 9036:tid 472] AH00455: Apache/2.4.41 (Win64) OpenSSL/1.1.1c PHP/7.3.11 configured -- resuming normal operations
[Mon Jan 10 11:21:20.074177 2022] [mpm_winnt:notice] [pid 9036:tid 472] AH00456: Apache Lounge VC15 Server built: Aug 11 2019 12:20:04
[Mon Jan 10 11:21:20.074177 2022] [core:notice] [pid 9036:tid 472] AH00094: Command line: 'apache\\bin\\httpd.exe -d D:/Moodle-Group10/server/apache -f conf\\httpd.conf'
[Mon Jan 10 11:21:20.077169 2022] [mpm_winnt:notice] [pid 9036:tid 472] AH00418: Parent: Created child process 10340
[Mon Jan 10 11:21:20.752095 2022] [ssl:warn] [pid 10340:tid 556] AH01909: www.example.com:443:0 server certificate does NOT include an ID which matches the server name
[Mon Jan 10 11:21:20.816370 2022] [ssl:warn] [pid 10340:tid 556] AH01909: www.example.com:443:0 server certificate does NOT include an ID which matches the server name
PHP Warning:  Module 'openssl' already loaded in Unknown on line 0
[Mon Jan 10 11:21:20.851802 2022] [mpm_winnt:notice] [pid 10340:tid 556] AH00354: Child: Starting 150 worker threads.
[Mon Jan 10 11:27:21.110945 2022] [mpm_winnt:notice] [pid 9036:tid 472] AH00422: Parent: Received shutdown signal -- Shutting down the server.
[Mon Jan 10 11:27:38.693432 2022] [mpm_winnt:notice] [pid 10340:tid 556] AH00364: Child: All worker threads have exited.
[Mon Jan 10 11:27:38.764224 2022] [mpm_winnt:notice] [pid 9036:tid 472] AH00430: Parent: Child process 10340 exited successfully.
[Mon Jan 10 11:28:33.882482 2022] [ssl:warn] [pid 11452:tid 644] AH01909: www.example.com:443:0 server certificate does NOT include an ID which matches the server name
[Mon Jan 10 11:28:33.940328 2022] [ssl:warn] [pid 11452:tid 644] AH01909: www.example.com:443:0 server certificate does NOT include an ID which matches the server name
PHP Warning:  Module 'openssl' already loaded in Unknown on line 0
[Mon Jan 10 11:28:33.973242 2022] [mpm_winnt:notice] [pid 11452:tid 644] AH00455: Apache/2.4.41 (Win64) OpenSSL/1.1.1c PHP/7.3.11 configured -- resuming normal operations
[Mon Jan 10 11:28:33.973242 2022] [mpm_winnt:notice] [pid 11452:tid 644] AH00456: Apache Lounge VC15 Server built: Aug 11 2019 12:20:04
[Mon Jan 10 11:28:33.973242 2022] [core:notice] [pid 11452:tid 644] AH00094: Command line: 'apache\\bin\\httpd.exe -d D:/Moodle-Group10/server/apache -f conf\\httpd.conf'
[Mon Jan 10 11:28:33.978227 2022] [mpm_winnt:notice] [pid 11452:tid 644] AH00418: Parent: Created child process 11232
[Mon Jan 10 11:28:34.759643 2022] [ssl:warn] [pid 11232:tid 584] AH01909: www.example.com:443:0 server certificate does NOT include an ID which matches the server name
[Mon Jan 10 11:28:34.825468 2022] [ssl:warn] [pid 11232:tid 584] AH01909: www.example.com:443:0 server certificate does NOT include an ID which matches the server name
PHP Warning:  Module 'openssl' already loaded in Unknown on line 0
[Mon Jan 10 11:28:34.856385 2022] [mpm_winnt:notice] [pid 11232:tid 584] AH00354: Child: Starting 150 worker threads.
[Mon Jan 10 11:29:18.918712 2022] [mpm_winnt:notice] [pid 11452:tid 644] AH00422: Parent: Received shutdown signal -- Shutting down the server.
[Mon Jan 10 11:29:20.937775 2022] [mpm_winnt:notice] [pid 11232:tid 584] AH00364: Child: All worker threads have exited.
[Mon Jan 10 11:29:20.980133 2022] [mpm_winnt:notice] [pid 11452:tid 644] AH00430: Parent: Child process 11232 exited successfully.
[Mon Jan 10 11:31:57.572592 2022] [ssl:warn] [pid 5516:tid 556] AH01909: www.example.com:443:0 server certificate does NOT include an ID which matches the server name
[Mon Jan 10 11:31:57.648598 2022] [ssl:warn] [pid 5516:tid 556] AH01909: www.example.com:443:0 server certificate does NOT include an ID which matches the server name
PHP Warning:  Module 'openssl' already loaded in Unknown on line 0
[Mon Jan 10 11:31:57.675594 2022] [mpm_winnt:notice] [pid 5516:tid 556] AH00455: Apache/2.4.41 (Win64) OpenSSL/1.1.1c PHP/7.3.11 configured -- resuming normal operations
[Mon Jan 10 11:31:57.675594 2022] [mpm_winnt:notice] [pid 5516:tid 556] AH00456: Apache Lounge VC15 Server built: Aug 11 2019 12:20:04
[Mon Jan 10 11:31:57.675594 2022] [core:notice] [pid 5516:tid 556] AH00094: Command line: 'apache\\bin\\httpd.exe -d D:/Moodle-Group10/server/apache -f conf\\httpd.conf'
[Mon Jan 10 11:31:57.679592 2022] [mpm_winnt:notice] [pid 5516:tid 556] AH00418: Parent: Created child process 14300
[Mon Jan 10 11:31:58.173591 2022] [ssl:warn] [pid 14300:tid 572] AH01909: www.example.com:443:0 server certificate does NOT include an ID which matches the server name
[Mon Jan 10 11:31:58.248061 2022] [ssl:warn] [pid 14300:tid 572] AH01909: www.example.com:443:0 server certificate does NOT include an ID which matches the server name
PHP Warning:  Module 'openssl' already loaded in Unknown on line 0
[Mon Jan 10 11:31:58.275820 2022] [mpm_winnt:notice] [pid 14300:tid 572] AH00354: Child: Starting 150 worker threads.
[Mon Jan 10 11:35:25.375889 2022] [mpm_winnt:notice] [pid 5516:tid 556] AH00422: Parent: Received shutdown signal -- Shutting down the server.
[Mon Jan 10 11:35:27.392367 2022] [mpm_winnt:notice] [pid 14300:tid 572] AH00364: Child: All worker threads have exited.
[Mon Jan 10 11:35:27.436368 2022] [mpm_winnt:notice] [pid 5516:tid 556] AH00430: Parent: Child process 14300 exited successfully.
[Tue Jan 11 15:27:05.127038 2022] [ssl:warn] [pid 10924:tid 512] AH01909: www.example.com:443:0 server certificate does NOT include an ID which matches the server name
[Tue Jan 11 15:27:05.478039 2022] [ssl:warn] [pid 10924:tid 512] AH01909: www.example.com:443:0 server certificate does NOT include an ID which matches the server name
PHP Warning:  Module 'openssl' already loaded in Unknown on line 0
[Tue Jan 11 15:27:07.470192 2022] [mpm_winnt:notice] [pid 10924:tid 512] AH00455: Apache/2.4.41 (Win64) OpenSSL/1.1.1c PHP/7.3.11 configured -- resuming normal operations
[Tue Jan 11 15:27:07.470192 2022] [mpm_winnt:notice] [pid 10924:tid 512] AH00456: Apache Lounge VC15 Server built: Aug 11 2019 12:20:04
[Tue Jan 11 15:27:07.470192 2022] [core:notice] [pid 10924:tid 512] AH00094: Command line: 'apache\\bin\\httpd.exe -d D:/Moodle-Group10/server/apache -f conf\\httpd.conf'
[Tue Jan 11 15:27:07.486162 2022] [mpm_winnt:notice] [pid 10924:tid 512] AH00418: Parent: Created child process 9180
[Tue Jan 11 15:27:08.213165 2022] [ssl:warn] [pid 9180:tid 480] AH01909: www.example.com:443:0 server certificate does NOT include an ID which matches the server name
[Tue Jan 11 15:27:08.279166 2022] [ssl:warn] [pid 9180:tid 480] AH01909: www.example.com:443:0 server certificate does NOT include an ID which matches the server name
PHP Warning:  Module 'openssl' already loaded in Unknown on line 0
[Tue Jan 11 15:27:08.320163 2022] [mpm_winnt:notice] [pid 9180:tid 480] AH00354: Child: Starting 150 worker threads.
[Tue Jan 11 15:28:07.833167 2022] [php7:notice] [pid 9180:tid 1872] [client ::1:59618] [client 0:0:0:0:0:0:0:1]  http://localhost  Invalid Login Token:  admin  Mozilla/5.0 (Windows NT 10.0; Win64; x64) AppleWebKit/537.36 (KHTML, like Gecko) Chrome/96.0.4664.110 Safari/537.36, referer: http://localhost/login/index.php
[Tue Jan 11 15:31:57.480627 2022] [mpm_winnt:notice] [pid 10924:tid 512] AH00422: Parent: Received shutdown signal -- Shutting down the server.
[Tue Jan 11 15:31:59.498854 2022] [mpm_winnt:notice] [pid 9180:tid 480] AH00364: Child: All worker threads have exited.
[Tue Jan 11 15:31:59.559859 2022] [mpm_winnt:notice] [pid 10924:tid 512] AH00430: Parent: Child process 9180 exited successfully.
[Tue Jan 11 16:01:16.553205 2022] [ssl:warn] [pid 13424:tid 532] AH01909: www.example.com:443:0 server certificate does NOT include an ID which matches the server name
[Tue Jan 11 16:01:16.701524 2022] [ssl:warn] [pid 13424:tid 532] AH01909: www.example.com:443:0 server certificate does NOT include an ID which matches the server name
PHP Warning:  Module 'openssl' already loaded in Unknown on line 0
[Tue Jan 11 16:01:16.749429 2022] [mpm_winnt:notice] [pid 13424:tid 532] AH00455: Apache/2.4.41 (Win64) OpenSSL/1.1.1c PHP/7.3.11 configured -- resuming normal operations
[Tue Jan 11 16:01:16.750395 2022] [mpm_winnt:notice] [pid 13424:tid 532] AH00456: Apache Lounge VC15 Server built: Aug 11 2019 12:20:04
[Tue Jan 11 16:01:16.751390 2022] [core:notice] [pid 13424:tid 532] AH00094: Command line: 'apache\\bin\\httpd.exe -d D:/Moodle-Group10/server/apache -f conf\\httpd.conf'
[Tue Jan 11 16:01:16.761364 2022] [mpm_winnt:notice] [pid 13424:tid 532] AH00418: Parent: Created child process 1856
[Tue Jan 11 16:01:17.408555 2022] [ssl:warn] [pid 1856:tid 556] AH01909: www.example.com:443:0 server certificate does NOT include an ID which matches the server name
[Tue Jan 11 16:01:17.508001 2022] [ssl:warn] [pid 1856:tid 556] AH01909: www.example.com:443:0 server certificate does NOT include an ID which matches the server name
PHP Warning:  Module 'openssl' already loaded in Unknown on line 0
[Tue Jan 11 16:01:17.558905 2022] [mpm_winnt:notice] [pid 1856:tid 556] AH00354: Child: Starting 150 worker threads.
[Tue Jan 11 16:02:12.501040 2022] [mpm_winnt:notice] [pid 13424:tid 532] AH00422: Parent: Received shutdown signal -- Shutting down the server.
Apache server shutdown initiated...
[Tue Jan 11 16:02:42.503049 2022] [mpm_winnt:notice] [pid 13424:tid 532] AH00431: Parent: Forcing termination of child process 1856
[Tue Jan 11 16:02:47.325704 2022] [ssl:warn] [pid 4752:tid 504] AH01909: www.example.com:443:0 server certificate does NOT include an ID which matches the server name
[Tue Jan 11 16:02:47.388806 2022] [ssl:warn] [pid 4752:tid 504] AH01909: www.example.com:443:0 server certificate does NOT include an ID which matches the server name
PHP Warning:  Module 'openssl' already loaded in Unknown on line 0
[Tue Jan 11 16:02:47.420721 2022] [mpm_winnt:notice] [pid 4752:tid 504] AH00455: Apache/2.4.41 (Win64) OpenSSL/1.1.1c PHP/7.3.11 configured -- resuming normal operations
[Tue Jan 11 16:02:47.420721 2022] [mpm_winnt:notice] [pid 4752:tid 504] AH00456: Apache Lounge VC15 Server built: Aug 11 2019 12:20:04
[Tue Jan 11 16:02:47.420721 2022] [core:notice] [pid 4752:tid 504] AH00094: Command line: 'apache\\bin\\httpd.exe -d D:/Moodle-Group10/server/apache -f conf\\httpd.conf'
[Tue Jan 11 16:02:47.428701 2022] [mpm_winnt:notice] [pid 4752:tid 504] AH00418: Parent: Created child process 11928
[Tue Jan 11 16:02:48.152102 2022] [ssl:warn] [pid 11928:tid 560] AH01909: www.example.com:443:0 server certificate does NOT include an ID which matches the server name
[Tue Jan 11 16:02:48.219262 2022] [ssl:warn] [pid 11928:tid 560] AH01909: www.example.com:443:0 server certificate does NOT include an ID which matches the server name
PHP Warning:  Module 'openssl' already loaded in Unknown on line 0
[Tue Jan 11 16:02:48.250887 2022] [mpm_winnt:notice] [pid 11928:tid 560] AH00354: Child: Starting 150 worker threads.
[Tue Jan 11 16:07:06.421746 2022] [php7:warn] [pid 11928:tid 1880] [client ::1:62600] PHP Warning:  Unknown: Input variables exceeded 1000. To increase the limit change max_input_vars in php.ini. in Unknown on line 0, referer: http://localhost/admin/roles/define.php?action=edit&roleid=3
[Tue Jan 11 20:04:37.342273 2022] [mpm_winnt:notice] [pid 4752:tid 504] AH00422: Parent: Received shutdown signal -- Shutting down the server.
[Tue Jan 11 20:04:39.360541 2022] [mpm_winnt:notice] [pid 11928:tid 560] AH00364: Child: All worker threads have exited.
[Tue Jan 11 20:04:39.469579 2022] [mpm_winnt:notice] [pid 4752:tid 504] AH00430: Parent: Child process 11928 exited successfully.
[Tue Jan 11 20:44:54.007780 2022] [ssl:warn] [pid 18868:tid 560] AH01909: www.example.com:443:0 server certificate does NOT include an ID which matches the server name
[Tue Jan 11 20:44:54.085882 2022] [ssl:warn] [pid 18868:tid 560] AH01909: www.example.com:443:0 server certificate does NOT include an ID which matches the server name
PHP Warning:  Module 'openssl' already loaded in Unknown on line 0
[Tue Jan 11 20:44:54.119034 2022] [mpm_winnt:notice] [pid 18868:tid 560] AH00455: Apache/2.4.41 (Win64) OpenSSL/1.1.1c PHP/7.3.11 configured -- resuming normal operations
[Tue Jan 11 20:44:54.119034 2022] [mpm_winnt:notice] [pid 18868:tid 560] AH00456: Apache Lounge VC15 Server built: Aug 11 2019 12:20:04
[Tue Jan 11 20:44:54.119034 2022] [core:notice] [pid 18868:tid 560] AH00094: Command line: 'apache\\bin\\httpd.exe -d D:/Moodle-Group10/server/apache -f conf\\httpd.conf'
[Tue Jan 11 20:44:54.121997 2022] [mpm_winnt:notice] [pid 18868:tid 560] AH00418: Parent: Created child process 18940
[Tue Jan 11 20:44:54.731219 2022] [ssl:warn] [pid 18940:tid 516] AH01909: www.example.com:443:0 server certificate does NOT include an ID which matches the server name
[Tue Jan 11 20:44:54.809295 2022] [ssl:warn] [pid 18940:tid 516] AH01909: www.example.com:443:0 server certificate does NOT include an ID which matches the server name
PHP Warning:  Module 'openssl' already loaded in Unknown on line 0
[Tue Jan 11 20:44:54.824915 2022] [mpm_winnt:notice] [pid 18940:tid 516] AH00354: Child: Starting 150 worker threads.
[Tue Jan 11 21:53:09.566591 2022] [mpm_winnt:notice] [pid 18868:tid 560] AH00422: Parent: Received shutdown signal -- Shutting down the server.
[Tue Jan 11 21:53:11.639875 2022] [mpm_winnt:notice] [pid 18940:tid 516] AH00364: Child: All worker threads have exited.
[Tue Jan 11 21:53:11.848656 2022] [mpm_winnt:notice] [pid 18868:tid 560] AH00430: Parent: Child process 18940 exited successfully.
