10:31:13 AM  [main] 	Initializing Control Panel
10:31:13 AM  [main] 	Windows Version:  Enterprise  64-bit
10:31:13 AM  [main] 	XAMPP Version: 7.3.11
10:31:13 AM  [main] 	Control Panel Version: 3.2.4  [ Compiled: Jun 5th 2019 ]
10:31:13 AM  [main] 	You are not running with administrator rights! This will work for
10:31:13 AM  [main] 	most application stuff but whenever you do something with services
10:31:13 AM  [main] 	there will be a security dialogue or things will break! So think 
10:31:13 AM  [main] 	about running this application with administrator rights!
10:31:13 AM  [main] 	XAMPP Installation Directory: "d:\moodle-group10\server\"
10:31:13 AM  [main] 	Checking for prerequisites
10:31:13 AM  [main] 	All prerequisites found
10:31:13 AM  [main] 	Initializing Modules
10:31:13 AM  [Apache] 	XAMPP Apache is already running on port 80
10:31:13 AM  [Apache] 	XAMPP Apache is already running on port 443
10:31:13 AM  [mysql] 	XAMPP MySQL is already running on port 3306
10:31:13 AM  [main] 	The FileZilla module is disabled
10:31:13 AM  [main] 	The Mercury module is disabled
10:31:13 AM  [Tomcat] 	Problem detected: Tomcat Not Found!
10:31:13 AM  [Tomcat] 	Disabling Tomcat buttons
10:31:13 AM  [Tomcat] 	Run this program from your XAMPP root directory!
10:31:13 AM  [Tomcat] 	Problem detected: Required Tool catalina_start.bat Not Found!
10:31:13 AM  [Tomcat] 	Problem detected: Required Tool catalina_stop.bat Not Found!
10:31:13 AM  [Tomcat] 	Problem detected: Required Tool catalina_service.bat Not Found!
10:31:13 AM  [main] 	Starting Check-Timer
10:31:13 AM  [main] 	Control Panel Ready
10:31:15 AM  [Apache] 	Attempting to stop Apache (PID: 16152)
10:31:15 AM  [Apache] 	Attempting to stop Apache (PID: 12280)
10:31:15 AM  [mysql] 	Attempting to stop MySQL app...
10:31:15 AM  [Apache] 	Status change detected: stopped
10:31:15 AM  [mysql] 	Status change detected: stopped
10:31:36 AM  [main] 	Deinitializing Modules
10:31:36 AM  [main] 	Deinitializing Control Panel

10:50:09 PM  [main] 	Initializing Control Panel
10:50:09 PM  [main] 	Windows Version:  Enterprise  64-bit
10:50:09 PM  [main] 	XAMPP Version: 7.3.11
10:50:09 PM  [main] 	Control Panel Version: 3.2.4  [ Compiled: Jun 5th 2019 ]
10:50:09 PM  [main] 	You are not running with administrator rights! This will work for
10:50:09 PM  [main] 	most application stuff but whenever you do something with services
10:50:09 PM  [main] 	there will be a security dialogue or things will break! So think 
10:50:09 PM  [main] 	about running this application with administrator rights!
10:50:09 PM  [main] 	XAMPP Installation Directory: "d:\moodle-group10\server\"
10:50:09 PM  [main] 	Checking for prerequisites
10:50:11 PM  [main] 	All prerequisites found
10:50:11 PM  [main] 	Initializing Modules
10:50:11 PM  [mysql] 	XAMPP MySQL is already running on port 3306
10:50:11 PM  [main] 	The FileZilla module is disabled
10:50:11 PM  [main] 	The Mercury module is disabled
10:50:11 PM  [Tomcat] 	Problem detected: Tomcat Not Found!
10:50:11 PM  [Tomcat] 	Disabling Tomcat buttons
10:50:11 PM  [Tomcat] 	Run this program from your XAMPP root directory!
10:50:11 PM  [Tomcat] 	Problem detected: Required Tool catalina_start.bat Not Found!
10:50:11 PM  [Tomcat] 	Problem detected: Required Tool catalina_stop.bat Not Found!
10:50:11 PM  [Tomcat] 	Problem detected: Required Tool catalina_service.bat Not Found!
10:50:11 PM  [main] 	Starting Check-Timer
10:50:11 PM  [main] 	Control Panel Ready
10:50:14 PM  [mysql] 	Attempting to stop MySQL app...
10:50:14 PM  [mysql] 	Status change detected: stopped
10:50:17 PM  [main] 	Deinitializing Modules
10:50:17 PM  [main] 	Deinitializing Control Panel

